Performing C SOURCE FILE Test CMAKE_HAVE_LIBC_PTHREAD failed with the following output:
Change Dir: /home/chps/Bureau/TD/build/CMakeFiles/CMakeTmp

Run Build Command(s):/usr/bin/make cmTC_e0008/fast && /usr/bin/make -f CMakeFiles/cmTC_e0008.dir/build.make CMakeFiles/cmTC_e0008.dir/build
make[1] : on entre dans le répertoire « /home/chps/Bureau/TD/build/CMakeFiles/CMakeTmp »
Building C object CMakeFiles/cmTC_e0008.dir/src.c.o
/usr/bin/cc   -DCMAKE_HAVE_LIBC_PTHREAD   -o CMakeFiles/cmTC_e0008.dir/src.c.o   -c /home/chps/Bureau/TD/build/CMakeFiles/CMakeTmp/src.c
Linking C executable cmTC_e0008
/usr/bin/cmake -E cmake_link_script CMakeFiles/cmTC_e0008.dir/link.txt --verbose=1
/usr/bin/cc  -DCMAKE_HAVE_LIBC_PTHREAD    CMakeFiles/cmTC_e0008.dir/src.c.o  -o cmTC_e0008 
/usr/bin/ld : CMakeFiles/cmTC_e0008.dir/src.c.o : dans la fonction « main » :
src.c:(.text+0x46) : référence indéfinie vers « pthread_create »
/usr/bin/ld : src.c:(.text+0x52) : référence indéfinie vers « pthread_detach »
/usr/bin/ld : src.c:(.text+0x63) : référence indéfinie vers « pthread_join »
collect2: error: ld returned 1 exit status
make[1]: *** [CMakeFiles/cmTC_e0008.dir/build.make:87 : cmTC_e0008] Erreur 1
make[1] : on quitte le répertoire « /home/chps/Bureau/TD/build/CMakeFiles/CMakeTmp »
make: *** [Makefile:121 : cmTC_e0008/fast] Erreur 2


Source file was:
#include <pthread.h>

void* test_func(void* data)
{
  return data;
}

int main(void)
{
  pthread_t thread;
  pthread_create(&thread, NULL, test_func, NULL);
  pthread_detach(thread);
  pthread_join(thread, NULL);
  pthread_atfork(NULL, NULL, NULL);
  pthread_exit(NULL);

  return 0;
}

Determining if the function pthread_create exists in the pthreads failed with the following output:
Change Dir: /home/chps/Bureau/TD/build/CMakeFiles/CMakeTmp

Run Build Command(s):/usr/bin/make cmTC_4532a/fast && /usr/bin/make -f CMakeFiles/cmTC_4532a.dir/build.make CMakeFiles/cmTC_4532a.dir/build
make[1] : on entre dans le répertoire « /home/chps/Bureau/TD/build/CMakeFiles/CMakeTmp »
Building C object CMakeFiles/cmTC_4532a.dir/CheckFunctionExists.c.o
/usr/bin/cc   -DCHECK_FUNCTION_EXISTS=pthread_create   -o CMakeFiles/cmTC_4532a.dir/CheckFunctionExists.c.o   -c /usr/share/cmake-3.16/Modules/CheckFunctionExists.c
Linking C executable cmTC_4532a
/usr/bin/cmake -E cmake_link_script CMakeFiles/cmTC_4532a.dir/link.txt --verbose=1
/usr/bin/cc  -DCHECK_FUNCTION_EXISTS=pthread_create    CMakeFiles/cmTC_4532a.dir/CheckFunctionExists.c.o  -o cmTC_4532a  -lpthreads 
/usr/bin/ld : ne peut trouver -lpthreads
collect2: error: ld returned 1 exit status
make[1]: *** [CMakeFiles/cmTC_4532a.dir/build.make:87 : cmTC_4532a] Erreur 1
make[1] : on quitte le répertoire « /home/chps/Bureau/TD/build/CMakeFiles/CMakeTmp »
make: *** [Makefile:121 : cmTC_4532a/fast] Erreur 2



Performing C SOURCE FILE Test CMAKE_HAVE_LIBC_PTHREAD failed with the following output:
Change Dir: /home/chps/Bureau/TD/build/CMakeFiles/CMakeTmp

Run Build Command(s):/usr/bin/make cmTC_92995/fast && /usr/bin/make -f CMakeFiles/cmTC_92995.dir/build.make CMakeFiles/cmTC_92995.dir/build
make[1] : on entre dans le répertoire « /home/chps/Bureau/TD/build/CMakeFiles/CMakeTmp »
Building C object CMakeFiles/cmTC_92995.dir/src.c.o
/usr/bin/cc   -DCMAKE_HAVE_LIBC_PTHREAD   -o CMakeFiles/cmTC_92995.dir/src.c.o   -c /home/chps/Bureau/TD/build/CMakeFiles/CMakeTmp/src.c
Linking C executable cmTC_92995
/usr/bin/cmake -E cmake_link_script CMakeFiles/cmTC_92995.dir/link.txt --verbose=1
/usr/bin/cc  -DCMAKE_HAVE_LIBC_PTHREAD    CMakeFiles/cmTC_92995.dir/src.c.o  -o cmTC_92995 
/usr/bin/ld : CMakeFiles/cmTC_92995.dir/src.c.o : dans la fonction « main » :
src.c:(.text+0x46) : référence indéfinie vers « pthread_create »
/usr/bin/ld : src.c:(.text+0x52) : référence indéfinie vers « pthread_detach »
/usr/bin/ld : src.c:(.text+0x63) : référence indéfinie vers « pthread_join »
collect2: error: ld returned 1 exit status
make[1]: *** [CMakeFiles/cmTC_92995.dir/build.make:87 : cmTC_92995] Erreur 1
make[1] : on quitte le répertoire « /home/chps/Bureau/TD/build/CMakeFiles/CMakeTmp »
make: *** [Makefile:121 : cmTC_92995/fast] Erreur 2


Source file was:
#include <pthread.h>

void* test_func(void* data)
{
  return data;
}

int main(void)
{
  pthread_t thread;
  pthread_create(&thread, NULL, test_func, NULL);
  pthread_detach(thread);
  pthread_join(thread, NULL);
  pthread_atfork(NULL, NULL, NULL);
  pthread_exit(NULL);

  return 0;
}

Determining if the function pthread_create exists in the pthreads failed with the following output:
Change Dir: /home/chps/Bureau/TD/build/CMakeFiles/CMakeTmp

Run Build Command(s):/usr/bin/make cmTC_2b0ce/fast && /usr/bin/make -f CMakeFiles/cmTC_2b0ce.dir/build.make CMakeFiles/cmTC_2b0ce.dir/build
make[1] : on entre dans le répertoire « /home/chps/Bureau/TD/build/CMakeFiles/CMakeTmp »
Building C object CMakeFiles/cmTC_2b0ce.dir/CheckFunctionExists.c.o
/usr/bin/cc   -DCHECK_FUNCTION_EXISTS=pthread_create   -o CMakeFiles/cmTC_2b0ce.dir/CheckFunctionExists.c.o   -c /usr/share/cmake-3.16/Modules/CheckFunctionExists.c
Linking C executable cmTC_2b0ce
/usr/bin/cmake -E cmake_link_script CMakeFiles/cmTC_2b0ce.dir/link.txt --verbose=1
/usr/bin/cc  -DCHECK_FUNCTION_EXISTS=pthread_create    CMakeFiles/cmTC_2b0ce.dir/CheckFunctionExists.c.o  -o cmTC_2b0ce  -lpthreads 
/usr/bin/ld : ne peut trouver -lpthreads
collect2: error: ld returned 1 exit status
make[1]: *** [CMakeFiles/cmTC_2b0ce.dir/build.make:87 : cmTC_2b0ce] Erreur 1
make[1] : on quitte le répertoire « /home/chps/Bureau/TD/build/CMakeFiles/CMakeTmp »
make: *** [Makefile:121 : cmTC_2b0ce/fast] Erreur 2



Performing C SOURCE FILE Test CMAKE_HAVE_LIBC_PTHREAD failed with the following output:
Change Dir: /home/chps/Bureau/TD/build/CMakeFiles/CMakeTmp

Run Build Command(s):/usr/bin/make cmTC_57ca5/fast && /usr/bin/make -f CMakeFiles/cmTC_57ca5.dir/build.make CMakeFiles/cmTC_57ca5.dir/build
make[1] : on entre dans le répertoire « /home/chps/Bureau/TD/build/CMakeFiles/CMakeTmp »
Building C object CMakeFiles/cmTC_57ca5.dir/src.c.o
/usr/bin/cc   -DCMAKE_HAVE_LIBC_PTHREAD   -o CMakeFiles/cmTC_57ca5.dir/src.c.o   -c /home/chps/Bureau/TD/build/CMakeFiles/CMakeTmp/src.c
Linking C executable cmTC_57ca5
/usr/bin/cmake -E cmake_link_script CMakeFiles/cmTC_57ca5.dir/link.txt --verbose=1
/usr/bin/cc  -DCMAKE_HAVE_LIBC_PTHREAD    CMakeFiles/cmTC_57ca5.dir/src.c.o  -o cmTC_57ca5 
/usr/bin/ld : CMakeFiles/cmTC_57ca5.dir/src.c.o : dans la fonction « main » :
src.c:(.text+0x46) : référence indéfinie vers « pthread_create »
/usr/bin/ld : src.c:(.text+0x52) : référence indéfinie vers « pthread_detach »
/usr/bin/ld : src.c:(.text+0x63) : référence indéfinie vers « pthread_join »
collect2: error: ld returned 1 exit status
make[1]: *** [CMakeFiles/cmTC_57ca5.dir/build.make:87 : cmTC_57ca5] Erreur 1
make[1] : on quitte le répertoire « /home/chps/Bureau/TD/build/CMakeFiles/CMakeTmp »
make: *** [Makefile:121 : cmTC_57ca5/fast] Erreur 2


Source file was:
#include <pthread.h>

void* test_func(void* data)
{
  return data;
}

int main(void)
{
  pthread_t thread;
  pthread_create(&thread, NULL, test_func, NULL);
  pthread_detach(thread);
  pthread_join(thread, NULL);
  pthread_atfork(NULL, NULL, NULL);
  pthread_exit(NULL);

  return 0;
}

Determining if the function pthread_create exists in the pthreads failed with the following output:
Change Dir: /home/chps/Bureau/TD/build/CMakeFiles/CMakeTmp

Run Build Command(s):/usr/bin/make cmTC_c857c/fast && /usr/bin/make -f CMakeFiles/cmTC_c857c.dir/build.make CMakeFiles/cmTC_c857c.dir/build
make[1] : on entre dans le répertoire « /home/chps/Bureau/TD/build/CMakeFiles/CMakeTmp »
Building C object CMakeFiles/cmTC_c857c.dir/CheckFunctionExists.c.o
/usr/bin/cc   -DCHECK_FUNCTION_EXISTS=pthread_create   -o CMakeFiles/cmTC_c857c.dir/CheckFunctionExists.c.o   -c /usr/share/cmake-3.16/Modules/CheckFunctionExists.c
Linking C executable cmTC_c857c
/usr/bin/cmake -E cmake_link_script CMakeFiles/cmTC_c857c.dir/link.txt --verbose=1
/usr/bin/cc  -DCHECK_FUNCTION_EXISTS=pthread_create    CMakeFiles/cmTC_c857c.dir/CheckFunctionExists.c.o  -o cmTC_c857c  -lpthreads 
/usr/bin/ld : ne peut trouver -lpthreads
collect2: error: ld returned 1 exit status
make[1]: *** [CMakeFiles/cmTC_c857c.dir/build.make:87 : cmTC_c857c] Erreur 1
make[1] : on quitte le répertoire « /home/chps/Bureau/TD/build/CMakeFiles/CMakeTmp »
make: *** [Makefile:121 : cmTC_c857c/fast] Erreur 2



Performing C SOURCE FILE Test CMAKE_HAVE_LIBC_PTHREAD failed with the following output:
Change Dir: /home/chps/Bureau/TD/build/CMakeFiles/CMakeTmp

Run Build Command(s):/usr/bin/make cmTC_10049/fast && /usr/bin/make -f CMakeFiles/cmTC_10049.dir/build.make CMakeFiles/cmTC_10049.dir/build
make[1] : on entre dans le répertoire « /home/chps/Bureau/TD/build/CMakeFiles/CMakeTmp »
Building C object CMakeFiles/cmTC_10049.dir/src.c.o
/usr/bin/cc   -DCMAKE_HAVE_LIBC_PTHREAD   -o CMakeFiles/cmTC_10049.dir/src.c.o   -c /home/chps/Bureau/TD/build/CMakeFiles/CMakeTmp/src.c
Linking C executable cmTC_10049
/usr/bin/cmake -E cmake_link_script CMakeFiles/cmTC_10049.dir/link.txt --verbose=1
/usr/bin/cc  -DCMAKE_HAVE_LIBC_PTHREAD    CMakeFiles/cmTC_10049.dir/src.c.o  -o cmTC_10049 
/usr/bin/ld : CMakeFiles/cmTC_10049.dir/src.c.o : dans la fonction « main » :
src.c:(.text+0x46) : référence indéfinie vers « pthread_create »
/usr/bin/ld : src.c:(.text+0x52) : référence indéfinie vers « pthread_detach »
/usr/bin/ld : src.c:(.text+0x63) : référence indéfinie vers « pthread_join »
collect2: error: ld returned 1 exit status
make[1]: *** [CMakeFiles/cmTC_10049.dir/build.make:87 : cmTC_10049] Erreur 1
make[1] : on quitte le répertoire « /home/chps/Bureau/TD/build/CMakeFiles/CMakeTmp »
make: *** [Makefile:121 : cmTC_10049/fast] Erreur 2


Source file was:
#include <pthread.h>

void* test_func(void* data)
{
  return data;
}

int main(void)
{
  pthread_t thread;
  pthread_create(&thread, NULL, test_func, NULL);
  pthread_detach(thread);
  pthread_join(thread, NULL);
  pthread_atfork(NULL, NULL, NULL);
  pthread_exit(NULL);

  return 0;
}

Determining if the function pthread_create exists in the pthreads failed with the following output:
Change Dir: /home/chps/Bureau/TD/build/CMakeFiles/CMakeTmp

Run Build Command(s):/usr/bin/make cmTC_62fde/fast && /usr/bin/make -f CMakeFiles/cmTC_62fde.dir/build.make CMakeFiles/cmTC_62fde.dir/build
make[1] : on entre dans le répertoire « /home/chps/Bureau/TD/build/CMakeFiles/CMakeTmp »
Building C object CMakeFiles/cmTC_62fde.dir/CheckFunctionExists.c.o
/usr/bin/cc   -DCHECK_FUNCTION_EXISTS=pthread_create   -o CMakeFiles/cmTC_62fde.dir/CheckFunctionExists.c.o   -c /usr/share/cmake-3.16/Modules/CheckFunctionExists.c
Linking C executable cmTC_62fde
/usr/bin/cmake -E cmake_link_script CMakeFiles/cmTC_62fde.dir/link.txt --verbose=1
/usr/bin/cc  -DCHECK_FUNCTION_EXISTS=pthread_create    CMakeFiles/cmTC_62fde.dir/CheckFunctionExists.c.o  -o cmTC_62fde  -lpthreads 
/usr/bin/ld : ne peut trouver -lpthreads
collect2: error: ld returned 1 exit status
make[1]: *** [CMakeFiles/cmTC_62fde.dir/build.make:87 : cmTC_62fde] Erreur 1
make[1] : on quitte le répertoire « /home/chps/Bureau/TD/build/CMakeFiles/CMakeTmp »
make: *** [Makefile:121 : cmTC_62fde/fast] Erreur 2



Performing C SOURCE FILE Test CMAKE_HAVE_LIBC_PTHREAD failed with the following output:
Change Dir: /home/chps/Bureau/TD/build/CMakeFiles/CMakeTmp

Run Build Command(s):/usr/bin/make cmTC_2f665/fast && /usr/bin/make -f CMakeFiles/cmTC_2f665.dir/build.make CMakeFiles/cmTC_2f665.dir/build
make[1] : on entre dans le répertoire « /home/chps/Bureau/TD/build/CMakeFiles/CMakeTmp »
Building C object CMakeFiles/cmTC_2f665.dir/src.c.o
/usr/bin/cc   -DCMAKE_HAVE_LIBC_PTHREAD   -o CMakeFiles/cmTC_2f665.dir/src.c.o   -c /home/chps/Bureau/TD/build/CMakeFiles/CMakeTmp/src.c
Linking C executable cmTC_2f665
/usr/bin/cmake -E cmake_link_script CMakeFiles/cmTC_2f665.dir/link.txt --verbose=1
/usr/bin/cc  -DCMAKE_HAVE_LIBC_PTHREAD    CMakeFiles/cmTC_2f665.dir/src.c.o  -o cmTC_2f665 
/usr/bin/ld : CMakeFiles/cmTC_2f665.dir/src.c.o : dans la fonction « main » :
src.c:(.text+0x46) : référence indéfinie vers « pthread_create »
/usr/bin/ld : src.c:(.text+0x52) : référence indéfinie vers « pthread_detach »
/usr/bin/ld : src.c:(.text+0x63) : référence indéfinie vers « pthread_join »
collect2: error: ld returned 1 exit status
make[1]: *** [CMakeFiles/cmTC_2f665.dir/build.make:87 : cmTC_2f665] Erreur 1
make[1] : on quitte le répertoire « /home/chps/Bureau/TD/build/CMakeFiles/CMakeTmp »
make: *** [Makefile:121 : cmTC_2f665/fast] Erreur 2


Source file was:
#include <pthread.h>

void* test_func(void* data)
{
  return data;
}

int main(void)
{
  pthread_t thread;
  pthread_create(&thread, NULL, test_func, NULL);
  pthread_detach(thread);
  pthread_join(thread, NULL);
  pthread_atfork(NULL, NULL, NULL);
  pthread_exit(NULL);

  return 0;
}

Determining if the function pthread_create exists in the pthreads failed with the following output:
Change Dir: /home/chps/Bureau/TD/build/CMakeFiles/CMakeTmp

Run Build Command(s):/usr/bin/make cmTC_b8e7d/fast && /usr/bin/make -f CMakeFiles/cmTC_b8e7d.dir/build.make CMakeFiles/cmTC_b8e7d.dir/build
make[1] : on entre dans le répertoire « /home/chps/Bureau/TD/build/CMakeFiles/CMakeTmp »
Building C object CMakeFiles/cmTC_b8e7d.dir/CheckFunctionExists.c.o
/usr/bin/cc   -DCHECK_FUNCTION_EXISTS=pthread_create   -o CMakeFiles/cmTC_b8e7d.dir/CheckFunctionExists.c.o   -c /usr/share/cmake-3.16/Modules/CheckFunctionExists.c
Linking C executable cmTC_b8e7d
/usr/bin/cmake -E cmake_link_script CMakeFiles/cmTC_b8e7d.dir/link.txt --verbose=1
/usr/bin/cc  -DCHECK_FUNCTION_EXISTS=pthread_create    CMakeFiles/cmTC_b8e7d.dir/CheckFunctionExists.c.o  -o cmTC_b8e7d  -lpthreads 
/usr/bin/ld : ne peut trouver -lpthreads
collect2: error: ld returned 1 exit status
make[1]: *** [CMakeFiles/cmTC_b8e7d.dir/build.make:87 : cmTC_b8e7d] Erreur 1
make[1] : on quitte le répertoire « /home/chps/Bureau/TD/build/CMakeFiles/CMakeTmp »
make: *** [Makefile:121 : cmTC_b8e7d/fast] Erreur 2



