Performing C SOURCE FILE Test CMAKE_HAVE_LIBC_PTHREAD failed with the following output:
Change Dir: /home/chps/Bureau/TD/build/CMakeFiles/CMakeTmp

Run Build Command(s):/usr/bin/make cmTC_e0008/fast && /usr/bin/make -f CMakeFiles/cmTC_e0008.dir/build.make CMakeFiles/cmTC_e0008.dir/build
make[1] : on entre dans le répertoire « /home/chps/Bureau/TD/build/CMakeFiles/CMakeTmp »
Building C object CMakeFiles/cmTC_e0008.dir/src.c.o
/usr/bin/cc   -DCMAKE_HAVE_LIBC_PTHREAD   -o CMakeFiles/cmTC_e0008.dir/src.c.o   -c /home/chps/Bureau/TD/build/CMakeFiles/CMakeTmp/src.c
Linking C executable cmTC_e0008
/usr/bin/cmake -E cmake_link_script CMakeFiles/cmTC_e0008.dir/link.txt --verbose=1
/usr/bin/cc  -DCMAKE_HAVE_LIBC_PTHREAD    CMakeFiles/cmTC_e0008.dir/src.c.o  -o cmTC_e0008 
/usr/bin/ld : CMakeFiles/cmTC_e0008.dir/src.c.o : dans la fonction « main » :
src.c:(.text+0x46) : référence indéfinie vers « pthread_create »
/usr/bin/ld : src.c:(.text+0x52) : référence indéfinie vers « pthread_detach »
/usr/bin/ld : src.c:(.text+0x63) : référence indéfinie vers « pthread_join »
collect2: error: ld returned 1 exit status
make[1]: *** [CMakeFiles/cmTC_e0008.dir/build.make:87 : cmTC_e0008] Erreur 1
make[1] : on quitte le répertoire « /home/chps/Bureau/TD/build/CMakeFiles/CMakeTmp »
make: *** [Makefile:121 : cmTC_e0008/fast] Erreur 2


Source file was:
#include <pthread.h>

void* test_func(void* data)
{
  return data;
}

int main(void)
{
  pthread_t thread;
  pthread_create(&thread, NULL, test_func, NULL);
  pthread_detach(thread);
  pthread_join(thread, NULL);
  pthread_atfork(NULL, NULL, NULL);
  pthread_exit(NULL);

  return 0;
}

Determining if the function pthread_create exists in the pthreads failed with the following output:
Change Dir: /home/chps/Bureau/TD/build/CMakeFiles/CMakeTmp

Run Build Command(s):/usr/bin/make cmTC_4532a/fast && /usr/bin/make -f CMakeFiles/cmTC_4532a.dir/build.make CMakeFiles/cmTC_4532a.dir/build
make[1] : on entre dans le répertoire « /home/chps/Bureau/TD/build/CMakeFiles/CMakeTmp »
Building C object CMakeFiles/cmTC_4532a.dir/CheckFunctionExists.c.o
/usr/bin/cc   -DCHECK_FUNCTION_EXISTS=pthread_create   -o CMakeFiles/cmTC_4532a.dir/CheckFunctionExists.c.o   -c /usr/share/cmake-3.16/Modules/CheckFunctionExists.c
Linking C executable cmTC_4532a
/usr/bin/cmake -E cmake_link_script CMakeFiles/cmTC_4532a.dir/link.txt --verbose=1
/usr/bin/cc  -DCHECK_FUNCTION_EXISTS=pthread_create    CMakeFiles/cmTC_4532a.dir/CheckFunctionExists.c.o  -o cmTC_4532a  -lpthreads 
/usr/bin/ld : ne peut trouver -lpthreads
collect2: error: ld returned 1 exit status
make[1]: *** [CMakeFiles/cmTC_4532a.dir/build.make:87 : cmTC_4532a] Erreur 1
make[1] : on quitte le répertoire « /home/chps/Bureau/TD/build/CMakeFiles/CMakeTmp »
make: *** [Makefile:121 : cmTC_4532a/fast] Erreur 2



Performing C SOURCE FILE Test CMAKE_HAVE_LIBC_PTHREAD failed with the following output:
Change Dir: /home/chps/Bureau/TD/build/CMakeFiles/CMakeTmp

Run Build Command(s):/usr/bin/make cmTC_92995/fast && /usr/bin/make -f CMakeFiles/cmTC_92995.dir/build.make CMakeFiles/cmTC_92995.dir/build
make[1] : on entre dans le répertoire « /home/chps/Bureau/TD/build/CMakeFiles/CMakeTmp »
Building C object CMakeFiles/cmTC_92995.dir/src.c.o
/usr/bin/cc   -DCMAKE_HAVE_LIBC_PTHREAD   -o CMakeFiles/cmTC_92995.dir/src.c.o   -c /home/chps/Bureau/TD/build/CMakeFiles/CMakeTmp/src.c
Linking C executable cmTC_92995
/usr/bin/cmake -E cmake_link_script CMakeFiles/cmTC_92995.dir/link.txt --verbose=1
/usr/bin/cc  -DCMAKE_HAVE_LIBC_PTHREAD    CMakeFiles/cmTC_92995.dir/src.c.o  -o cmTC_92995 
/usr/bin/ld : CMakeFiles/cmTC_92995.dir/src.c.o : dans la fonction « main » :
src.c:(.text+0x46) : référence indéfinie vers « pthread_create »
/usr/bin/ld : src.c:(.text+0x52) : référence indéfinie vers « pthread_detach »
/usr/bin/ld : src.c:(.text+0x63) : référence indéfinie vers « pthread_join »
collect2: error: ld returned 1 exit status
make[1]: *** [CMakeFiles/cmTC_92995.dir/build.make:87 : cmTC_92995] Erreur 1
make[1] : on quitte le répertoire « /home/chps/Bureau/TD/build/CMakeFiles/CMakeTmp »
make: *** [Makefile:121 : cmTC_92995/fast] Erreur 2


Source file was:
#include <pthread.h>

void* test_func(void* data)
{
  return data;
}

int main(void)
{
  pthread_t thread;
  pthread_create(&thread, NULL, test_func, NULL);
  pthread_detach(thread);
  pthread_join(thread, NULL);
  pthread_atfork(NULL, NULL, NULL);
  pthread_exit(NULL);

  return 0;
}

Determining if the function pthread_create exists in the pthreads failed with the following output:
Change Dir: /home/chps/Bureau/TD/build/CMakeFiles/CMakeTmp

Run Build Command(s):/usr/bin/make cmTC_2b0ce/fast && /usr/bin/make -f CMakeFiles/cmTC_2b0ce.dir/build.make CMakeFiles/cmTC_2b0ce.dir/build
make[1] : on entre dans le répertoire « /home/chps/Bureau/TD/build/CMakeFiles/CMakeTmp »
Building C object CMakeFiles/cmTC_2b0ce.dir/CheckFunctionExists.c.o
/usr/bin/cc   -DCHECK_FUNCTION_EXISTS=pthread_create   -o CMakeFiles/cmTC_2b0ce.dir/CheckFunctionExists.c.o   -c /usr/share/cmake-3.16/Modules/CheckFunctionExists.c
Linking C executable cmTC_2b0ce
/usr/bin/cmake -E cmake_link_script CMakeFiles/cmTC_2b0ce.dir/link.txt --verbose=1
/usr/bin/cc  -DCHECK_FUNCTION_EXISTS=pthread_create    CMakeFiles/cmTC_2b0ce.dir/CheckFunctionExists.c.o  -o cmTC_2b0ce  -lpthreads 
/usr/bin/ld : ne peut trouver -lpthreads
collect2: error: ld returned 1 exit status
make[1]: *** [CMakeFiles/cmTC_2b0ce.dir/build.make:87 : cmTC_2b0ce] Erreur 1
make[1] : on quitte le répertoire « /home/chps/Bureau/TD/build/CMakeFiles/CMakeTmp »
make: *** [Makefile:121 : cmTC_2b0ce/fast] Erreur 2



Performing C SOURCE FILE Test CMAKE_HAVE_LIBC_PTHREAD failed with the following output:
Change Dir: /home/chps/Bureau/TD/build/CMakeFiles/CMakeTmp

Run Build Command(s):/usr/bin/make cmTC_57ca5/fast && /usr/bin/make -f CMakeFiles/cmTC_57ca5.dir/build.make CMakeFiles/cmTC_57ca5.dir/build
make[1] : on entre dans le répertoire « /home/chps/Bureau/TD/build/CMakeFiles/CMakeTmp »
Building C object CMakeFiles/cmTC_57ca5.dir/src.c.o
/usr/bin/cc   -DCMAKE_HAVE_LIBC_PTHREAD   -o CMakeFiles/cmTC_57ca5.dir/src.c.o   -c /home/chps/Bureau/TD/build/CMakeFiles/CMakeTmp/src.c
Linking C executable cmTC_57ca5
/usr/bin/cmake -E cmake_link_script CMakeFiles/cmTC_57ca5.dir/link.txt --verbose=1
/usr/bin/cc  -DCMAKE_HAVE_LIBC_PTHREAD    CMakeFiles/cmTC_57ca5.dir/src.c.o  -o cmTC_57ca5 
/usr/bin/ld : CMakeFiles/cmTC_57ca5.dir/src.c.o : dans la fonction « main » :
src.c:(.text+0x46) : référence indéfinie vers « pthread_create »
/usr/bin/ld : src.c:(.text+0x52) : référence indéfinie vers « pthread_detach »
/usr/bin/ld : src.c:(.text+0x63) : référence indéfinie vers « pthread_join »
collect2: error: ld returned 1 exit status
make[1]: *** [CMakeFiles/cmTC_57ca5.dir/build.make:87 : cmTC_57ca5] Erreur 1
make[1] : on quitte le répertoire « /home/chps/Bureau/TD/build/CMakeFiles/CMakeTmp »
make: *** [Makefile:121 : cmTC_57ca5/fast] Erreur 2


Source file was:
#include <pthread.h>

void* test_func(void* data)
{
  return data;
}

int main(void)
{
  pthread_t thread;
  pthread_create(&thread, NULL, test_func, NULL);
  pthread_detach(thread);
  pthread_join(thread, NULL);
  pthread_atfork(NULL, NULL, NULL);
  pthread_exit(NULL);

  return 0;
}

Determining if the function pthread_create exists in the pthreads failed with the following output:
Change Dir: /home/chps/Bureau/TD/build/CMakeFiles/CMakeTmp

Run Build Command(s):/usr/bin/make cmTC_c857c/fast && /usr/bin/make -f CMakeFiles/cmTC_c857c.dir/build.make CMakeFiles/cmTC_c857c.dir/build
make[1] : on entre dans le répertoire « /home/chps/Bureau/TD/build/CMakeFiles/CMakeTmp »
Building C object CMakeFiles/cmTC_c857c.dir/CheckFunctionExists.c.o
/usr/bin/cc   -DCHECK_FUNCTION_EXISTS=pthread_create   -o CMakeFiles/cmTC_c857c.dir/CheckFunctionExists.c.o   -c /usr/share/cmake-3.16/Modules/CheckFunctionExists.c
Linking C executable cmTC_c857c
/usr/bin/cmake -E cmake_link_script CMakeFiles/cmTC_c857c.dir/link.txt --verbose=1
/usr/bin/cc  -DCHECK_FUNCTION_EXISTS=pthread_create    CMakeFiles/cmTC_c857c.dir/CheckFunctionExists.c.o  -o cmTC_c857c  -lpthreads 
/usr/bin/ld : ne peut trouver -lpthreads
collect2: error: ld returned 1 exit status
make[1]: *** [CMakeFiles/cmTC_c857c.dir/build.make:87 : cmTC_c857c] Erreur 1
make[1] : on quitte le répertoire « /home/chps/Bureau/TD/build/CMakeFiles/CMakeTmp »
make: *** [Makefile:121 : cmTC_c857c/fast] Erreur 2



Performing C SOURCE FILE Test CMAKE_HAVE_LIBC_PTHREAD failed with the following output:
Change Dir: /home/chps/Bureau/TD/build/CMakeFiles/CMakeTmp

Run Build Command(s):/usr/bin/make cmTC_10049/fast && /usr/bin/make -f CMakeFiles/cmTC_10049.dir/build.make CMakeFiles/cmTC_10049.dir/build
make[1] : on entre dans le répertoire « /home/chps/Bureau/TD/build/CMakeFiles/CMakeTmp »
Building C object CMakeFiles/cmTC_10049.dir/src.c.o
/usr/bin/cc   -DCMAKE_HAVE_LIBC_PTHREAD   -o CMakeFiles/cmTC_10049.dir/src.c.o   -c /home/chps/Bureau/TD/build/CMakeFiles/CMakeTmp/src.c
Linking C executable cmTC_10049
/usr/bin/cmake -E cmake_link_script CMakeFiles/cmTC_10049.dir/link.txt --verbose=1
/usr/bin/cc  -DCMAKE_HAVE_LIBC_PTHREAD    CMakeFiles/cmTC_10049.dir/src.c.o  -o cmTC_10049 
/usr/bin/ld : CMakeFiles/cmTC_10049.dir/src.c.o : dans la fonction « main » :
src.c:(.text+0x46) : référence indéfinie vers « pthread_create »
/usr/bin/ld : src.c:(.text+0x52) : référence indéfinie vers « pthread_detach »
/usr/bin/ld : src.c:(.text+0x63) : référence indéfinie vers « pthread_join »
collect2: error: ld returned 1 exit status
make[1]: *** [CMakeFiles/cmTC_10049.dir/build.make:87 : cmTC_10049] Erreur 1
make[1] : on quitte le répertoire « /home/chps/Bureau/TD/build/CMakeFiles/CMakeTmp »
make: *** [Makefile:121 : cmTC_10049/fast] Erreur 2


Source file was:
#include <pthread.h>

void* test_func(void* data)
{
  return data;
}

int main(void)
{
  pthread_t thread;
  pthread_create(&thread, NULL, test_func, NULL);
  pthread_detach(thread);
  pthread_join(thread, NULL);
  pthread_atfork(NULL, NULL, NULL);
  pthread_exit(NULL);

  return 0;
}

Determining if the function pthread_create exists in the pthreads failed with the following output:
Change Dir: /home/chps/Bureau/TD/build/CMakeFiles/CMakeTmp

Run Build Command(s):/usr/bin/make cmTC_62fde/fast && /usr/bin/make -f CMakeFiles/cmTC_62fde.dir/build.make CMakeFiles/cmTC_62fde.dir/build
make[1] : on entre dans le répertoire « /home/chps/Bureau/TD/build/CMakeFiles/CMakeTmp »
Building C object CMakeFiles/cmTC_62fde.dir/CheckFunctionExists.c.o
/usr/bin/cc   -DCHECK_FUNCTION_EXISTS=pthread_create   -o CMakeFiles/cmTC_62fde.dir/CheckFunctionExists.c.o   -c /usr/share/cmake-3.16/Modules/CheckFunctionExists.c
Linking C executable cmTC_62fde
/usr/bin/cmake -E cmake_link_script CMakeFiles/cmTC_62fde.dir/link.txt --verbose=1
/usr/bin/cc  -DCHECK_FUNCTION_EXISTS=pthread_create    CMakeFiles/cmTC_62fde.dir/CheckFunctionExists.c.o  -o cmTC_62fde  -lpthreads 
/usr/bin/ld : ne peut trouver -lpthreads
collect2: error: ld returned 1 exit status
make[1]: *** [CMakeFiles/cmTC_62fde.dir/build.make:87 : cmTC_62fde] Erreur 1
make[1] : on quitte le répertoire « /home/chps/Bureau/TD/build/CMakeFiles/CMakeTmp »
make: *** [Makefile:121 : cmTC_62fde/fast] Erreur 2



Performing C SOURCE FILE Test CMAKE_HAVE_LIBC_PTHREAD failed with the following output:
Change Dir: /home/chps/Bureau/TD/build/CMakeFiles/CMakeTmp

Run Build Command(s):/usr/bin/make cmTC_2f665/fast && /usr/bin/make -f CMakeFiles/cmTC_2f665.dir/build.make CMakeFiles/cmTC_2f665.dir/build
make[1] : on entre dans le répertoire « /home/chps/Bureau/TD/build/CMakeFiles/CMakeTmp »
Building C object CMakeFiles/cmTC_2f665.dir/src.c.o
/usr/bin/cc   -DCMAKE_HAVE_LIBC_PTHREAD   -o CMakeFiles/cmTC_2f665.dir/src.c.o   -c /home/chps/Bureau/TD/build/CMakeFiles/CMakeTmp/src.c
Linking C executable cmTC_2f665
/usr/bin/cmake -E cmake_link_script CMakeFiles/cmTC_2f665.dir/link.txt --verbose=1
/usr/bin/cc  -DCMAKE_HAVE_LIBC_PTHREAD    CMakeFiles/cmTC_2f665.dir/src.c.o  -o cmTC_2f665 
/usr/bin/ld : CMakeFiles/cmTC_2f665.dir/src.c.o : dans la fonction « main » :
src.c:(.text+0x46) : référence indéfinie vers « pthread_create »
/usr/bin/ld : src.c:(.text+0x52) : référence indéfinie vers « pthread_detach »
/usr/bin/ld : src.c:(.text+0x63) : référence indéfinie vers « pthread_join »
collect2: error: ld returned 1 exit status
make[1]: *** [CMakeFiles/cmTC_2f665.dir/build.make:87 : cmTC_2f665] Erreur 1
make[1] : on quitte le répertoire « /home/chps/Bureau/TD/build/CMakeFiles/CMakeTmp »
make: *** [Makefile:121 : cmTC_2f665/fast] Erreur 2


Source file was:
#include <pthread.h>

void* test_func(void* data)
{
  return data;
}

int main(void)
{
  pthread_t thread;
  pthread_create(&thread, NULL, test_func, NULL);
  pthread_detach(thread);
  pthread_join(thread, NULL);
  pthread_atfork(NULL, NULL, NULL);
  pthread_exit(NULL);

  return 0;
}

Determining if the function pthread_create exists in the pthreads failed with the following output:
Change Dir: /home/chps/Bureau/TD/build/CMakeFiles/CMakeTmp

Run Build Command(s):/usr/bin/make cmTC_b8e7d/fast && /usr/bin/make -f CMakeFiles/cmTC_b8e7d.dir/build.make CMakeFiles/cmTC_b8e7d.dir/build
make[1] : on entre dans le répertoire « /home/chps/Bureau/TD/build/CMakeFiles/CMakeTmp »
Building C object CMakeFiles/cmTC_b8e7d.dir/CheckFunctionExists.c.o
/usr/bin/cc   -DCHECK_FUNCTION_EXISTS=pthread_create   -o CMakeFiles/cmTC_b8e7d.dir/CheckFunctionExists.c.o   -c /usr/share/cmake-3.16/Modules/CheckFunctionExists.c
Linking C executable cmTC_b8e7d
/usr/bin/cmake -E cmake_link_script CMakeFiles/cmTC_b8e7d.dir/link.txt --verbose=1
/usr/bin/cc  -DCHECK_FUNCTION_EXISTS=pthread_create    CMakeFiles/cmTC_b8e7d.dir/CheckFunctionExists.c.o  -o cmTC_b8e7d  -lpthreads 
/usr/bin/ld : ne peut trouver -lpthreads
collect2: error: ld returned 1 exit status
make[1]: *** [CMakeFiles/cmTC_b8e7d.dir/build.make:87 : cmTC_b8e7d] Erreur 1
make[1] : on quitte le répertoire « /home/chps/Bureau/TD/build/CMakeFiles/CMakeTmp »
make: *** [Makefile:121 : cmTC_b8e7d/fast] Erreur 2



Performing C SOURCE FILE Test CMAKE_HAVE_LIBC_PTHREAD failed with the following output:
Change Dir: /home/chps/Bureau/TD/build/CMakeFiles/CMakeTmp

Run Build Command(s):/usr/bin/make cmTC_c6c4d/fast && /usr/bin/make -f CMakeFiles/cmTC_c6c4d.dir/build.make CMakeFiles/cmTC_c6c4d.dir/build
make[1] : on entre dans le répertoire « /home/chps/Bureau/TD/build/CMakeFiles/CMakeTmp »
Building C object CMakeFiles/cmTC_c6c4d.dir/src.c.o
/usr/bin/cc   -DCMAKE_HAVE_LIBC_PTHREAD   -o CMakeFiles/cmTC_c6c4d.dir/src.c.o   -c /home/chps/Bureau/TD/build/CMakeFiles/CMakeTmp/src.c
Linking C executable cmTC_c6c4d
/usr/bin/cmake -E cmake_link_script CMakeFiles/cmTC_c6c4d.dir/link.txt --verbose=1
/usr/bin/cc  -DCMAKE_HAVE_LIBC_PTHREAD    CMakeFiles/cmTC_c6c4d.dir/src.c.o  -o cmTC_c6c4d 
/usr/bin/ld : CMakeFiles/cmTC_c6c4d.dir/src.c.o : dans la fonction « main » :
src.c:(.text+0x46) : référence indéfinie vers « pthread_create »
/usr/bin/ld : src.c:(.text+0x52) : référence indéfinie vers « pthread_detach »
/usr/bin/ld : src.c:(.text+0x63) : référence indéfinie vers « pthread_join »
collect2: error: ld returned 1 exit status
make[1]: *** [CMakeFiles/cmTC_c6c4d.dir/build.make:87 : cmTC_c6c4d] Erreur 1
make[1] : on quitte le répertoire « /home/chps/Bureau/TD/build/CMakeFiles/CMakeTmp »
make: *** [Makefile:121 : cmTC_c6c4d/fast] Erreur 2


Source file was:
#include <pthread.h>

void* test_func(void* data)
{
  return data;
}

int main(void)
{
  pthread_t thread;
  pthread_create(&thread, NULL, test_func, NULL);
  pthread_detach(thread);
  pthread_join(thread, NULL);
  pthread_atfork(NULL, NULL, NULL);
  pthread_exit(NULL);

  return 0;
}

Determining if the function pthread_create exists in the pthreads failed with the following output:
Change Dir: /home/chps/Bureau/TD/build/CMakeFiles/CMakeTmp

Run Build Command(s):/usr/bin/make cmTC_010bc/fast && /usr/bin/make -f CMakeFiles/cmTC_010bc.dir/build.make CMakeFiles/cmTC_010bc.dir/build
make[1] : on entre dans le répertoire « /home/chps/Bureau/TD/build/CMakeFiles/CMakeTmp »
Building C object CMakeFiles/cmTC_010bc.dir/CheckFunctionExists.c.o
/usr/bin/cc   -DCHECK_FUNCTION_EXISTS=pthread_create   -o CMakeFiles/cmTC_010bc.dir/CheckFunctionExists.c.o   -c /usr/share/cmake-3.16/Modules/CheckFunctionExists.c
Linking C executable cmTC_010bc
/usr/bin/cmake -E cmake_link_script CMakeFiles/cmTC_010bc.dir/link.txt --verbose=1
/usr/bin/cc  -DCHECK_FUNCTION_EXISTS=pthread_create    CMakeFiles/cmTC_010bc.dir/CheckFunctionExists.c.o  -o cmTC_010bc  -lpthreads 
/usr/bin/ld : ne peut trouver -lpthreads
collect2: error: ld returned 1 exit status
make[1]: *** [CMakeFiles/cmTC_010bc.dir/build.make:87 : cmTC_010bc] Erreur 1
make[1] : on quitte le répertoire « /home/chps/Bureau/TD/build/CMakeFiles/CMakeTmp »
make: *** [Makefile:121 : cmTC_010bc/fast] Erreur 2



Performing C SOURCE FILE Test CMAKE_HAVE_LIBC_PTHREAD failed with the following output:
Change Dir: /home/chps/Bureau/TD/build/CMakeFiles/CMakeTmp

Run Build Command(s):/usr/bin/make cmTC_07dfe/fast && /usr/bin/make -f CMakeFiles/cmTC_07dfe.dir/build.make CMakeFiles/cmTC_07dfe.dir/build
make[1] : on entre dans le répertoire « /home/chps/Bureau/TD/build/CMakeFiles/CMakeTmp »
Building C object CMakeFiles/cmTC_07dfe.dir/src.c.o
/usr/bin/cc   -DCMAKE_HAVE_LIBC_PTHREAD   -o CMakeFiles/cmTC_07dfe.dir/src.c.o   -c /home/chps/Bureau/TD/build/CMakeFiles/CMakeTmp/src.c
Linking C executable cmTC_07dfe
/usr/bin/cmake -E cmake_link_script CMakeFiles/cmTC_07dfe.dir/link.txt --verbose=1
/usr/bin/cc  -DCMAKE_HAVE_LIBC_PTHREAD    CMakeFiles/cmTC_07dfe.dir/src.c.o  -o cmTC_07dfe 
/usr/bin/ld : CMakeFiles/cmTC_07dfe.dir/src.c.o : dans la fonction « main » :
src.c:(.text+0x46) : référence indéfinie vers « pthread_create »
/usr/bin/ld : src.c:(.text+0x52) : référence indéfinie vers « pthread_detach »
/usr/bin/ld : src.c:(.text+0x63) : référence indéfinie vers « pthread_join »
collect2: error: ld returned 1 exit status
make[1]: *** [CMakeFiles/cmTC_07dfe.dir/build.make:87 : cmTC_07dfe] Erreur 1
make[1] : on quitte le répertoire « /home/chps/Bureau/TD/build/CMakeFiles/CMakeTmp »
make: *** [Makefile:121 : cmTC_07dfe/fast] Erreur 2


Source file was:
#include <pthread.h>

void* test_func(void* data)
{
  return data;
}

int main(void)
{
  pthread_t thread;
  pthread_create(&thread, NULL, test_func, NULL);
  pthread_detach(thread);
  pthread_join(thread, NULL);
  pthread_atfork(NULL, NULL, NULL);
  pthread_exit(NULL);

  return 0;
}

Determining if the function pthread_create exists in the pthreads failed with the following output:
Change Dir: /home/chps/Bureau/TD/build/CMakeFiles/CMakeTmp

Run Build Command(s):/usr/bin/make cmTC_b0b49/fast && /usr/bin/make -f CMakeFiles/cmTC_b0b49.dir/build.make CMakeFiles/cmTC_b0b49.dir/build
make[1] : on entre dans le répertoire « /home/chps/Bureau/TD/build/CMakeFiles/CMakeTmp »
Building C object CMakeFiles/cmTC_b0b49.dir/CheckFunctionExists.c.o
/usr/bin/cc   -DCHECK_FUNCTION_EXISTS=pthread_create   -o CMakeFiles/cmTC_b0b49.dir/CheckFunctionExists.c.o   -c /usr/share/cmake-3.16/Modules/CheckFunctionExists.c
Linking C executable cmTC_b0b49
/usr/bin/cmake -E cmake_link_script CMakeFiles/cmTC_b0b49.dir/link.txt --verbose=1
/usr/bin/cc  -DCHECK_FUNCTION_EXISTS=pthread_create    CMakeFiles/cmTC_b0b49.dir/CheckFunctionExists.c.o  -o cmTC_b0b49  -lpthreads 
/usr/bin/ld : ne peut trouver -lpthreads
collect2: error: ld returned 1 exit status
make[1]: *** [CMakeFiles/cmTC_b0b49.dir/build.make:87 : cmTC_b0b49] Erreur 1
make[1] : on quitte le répertoire « /home/chps/Bureau/TD/build/CMakeFiles/CMakeTmp »
make: *** [Makefile:121 : cmTC_b0b49/fast] Erreur 2



Performing C SOURCE FILE Test CMAKE_HAVE_LIBC_PTHREAD failed with the following output:
Change Dir: /home/chps/Bureau/TD/build/CMakeFiles/CMakeTmp

Run Build Command(s):/usr/bin/make cmTC_249fe/fast && /usr/bin/make -f CMakeFiles/cmTC_249fe.dir/build.make CMakeFiles/cmTC_249fe.dir/build
make[1] : on entre dans le répertoire « /home/chps/Bureau/TD/build/CMakeFiles/CMakeTmp »
Building C object CMakeFiles/cmTC_249fe.dir/src.c.o
/usr/bin/cc   -DCMAKE_HAVE_LIBC_PTHREAD   -o CMakeFiles/cmTC_249fe.dir/src.c.o   -c /home/chps/Bureau/TD/build/CMakeFiles/CMakeTmp/src.c
Linking C executable cmTC_249fe
/usr/bin/cmake -E cmake_link_script CMakeFiles/cmTC_249fe.dir/link.txt --verbose=1
/usr/bin/cc  -DCMAKE_HAVE_LIBC_PTHREAD    CMakeFiles/cmTC_249fe.dir/src.c.o  -o cmTC_249fe 
/usr/bin/ld : CMakeFiles/cmTC_249fe.dir/src.c.o : dans la fonction « main » :
src.c:(.text+0x46) : référence indéfinie vers « pthread_create »
/usr/bin/ld : src.c:(.text+0x52) : référence indéfinie vers « pthread_detach »
/usr/bin/ld : src.c:(.text+0x63) : référence indéfinie vers « pthread_join »
collect2: error: ld returned 1 exit status
make[1]: *** [CMakeFiles/cmTC_249fe.dir/build.make:87 : cmTC_249fe] Erreur 1
make[1] : on quitte le répertoire « /home/chps/Bureau/TD/build/CMakeFiles/CMakeTmp »
make: *** [Makefile:121 : cmTC_249fe/fast] Erreur 2


Source file was:
#include <pthread.h>

void* test_func(void* data)
{
  return data;
}

int main(void)
{
  pthread_t thread;
  pthread_create(&thread, NULL, test_func, NULL);
  pthread_detach(thread);
  pthread_join(thread, NULL);
  pthread_atfork(NULL, NULL, NULL);
  pthread_exit(NULL);

  return 0;
}

Determining if the function pthread_create exists in the pthreads failed with the following output:
Change Dir: /home/chps/Bureau/TD/build/CMakeFiles/CMakeTmp

Run Build Command(s):/usr/bin/make cmTC_3354f/fast && /usr/bin/make -f CMakeFiles/cmTC_3354f.dir/build.make CMakeFiles/cmTC_3354f.dir/build
make[1] : on entre dans le répertoire « /home/chps/Bureau/TD/build/CMakeFiles/CMakeTmp »
Building C object CMakeFiles/cmTC_3354f.dir/CheckFunctionExists.c.o
/usr/bin/cc   -DCHECK_FUNCTION_EXISTS=pthread_create   -o CMakeFiles/cmTC_3354f.dir/CheckFunctionExists.c.o   -c /usr/share/cmake-3.16/Modules/CheckFunctionExists.c
Linking C executable cmTC_3354f
/usr/bin/cmake -E cmake_link_script CMakeFiles/cmTC_3354f.dir/link.txt --verbose=1
/usr/bin/cc  -DCHECK_FUNCTION_EXISTS=pthread_create    CMakeFiles/cmTC_3354f.dir/CheckFunctionExists.c.o  -o cmTC_3354f  -lpthreads 
/usr/bin/ld : ne peut trouver -lpthreads
collect2: error: ld returned 1 exit status
make[1]: *** [CMakeFiles/cmTC_3354f.dir/build.make:87 : cmTC_3354f] Erreur 1
make[1] : on quitte le répertoire « /home/chps/Bureau/TD/build/CMakeFiles/CMakeTmp »
make: *** [Makefile:121 : cmTC_3354f/fast] Erreur 2



Performing C SOURCE FILE Test CMAKE_HAVE_LIBC_PTHREAD failed with the following output:
Change Dir: /home/chps/Bureau/TD/build/CMakeFiles/CMakeTmp

Run Build Command(s):/usr/bin/make cmTC_bbfb9/fast && /usr/bin/make -f CMakeFiles/cmTC_bbfb9.dir/build.make CMakeFiles/cmTC_bbfb9.dir/build
make[1] : on entre dans le répertoire « /home/chps/Bureau/TD/build/CMakeFiles/CMakeTmp »
Building C object CMakeFiles/cmTC_bbfb9.dir/src.c.o
/usr/bin/cc   -DCMAKE_HAVE_LIBC_PTHREAD   -o CMakeFiles/cmTC_bbfb9.dir/src.c.o   -c /home/chps/Bureau/TD/build/CMakeFiles/CMakeTmp/src.c
Linking C executable cmTC_bbfb9
/usr/bin/cmake -E cmake_link_script CMakeFiles/cmTC_bbfb9.dir/link.txt --verbose=1
/usr/bin/cc  -DCMAKE_HAVE_LIBC_PTHREAD    CMakeFiles/cmTC_bbfb9.dir/src.c.o  -o cmTC_bbfb9 
/usr/bin/ld : CMakeFiles/cmTC_bbfb9.dir/src.c.o : dans la fonction « main » :
src.c:(.text+0x46) : référence indéfinie vers « pthread_create »
/usr/bin/ld : src.c:(.text+0x52) : référence indéfinie vers « pthread_detach »
/usr/bin/ld : src.c:(.text+0x63) : référence indéfinie vers « pthread_join »
collect2: error: ld returned 1 exit status
make[1]: *** [CMakeFiles/cmTC_bbfb9.dir/build.make:87 : cmTC_bbfb9] Erreur 1
make[1] : on quitte le répertoire « /home/chps/Bureau/TD/build/CMakeFiles/CMakeTmp »
make: *** [Makefile:121 : cmTC_bbfb9/fast] Erreur 2


Source file was:
#include <pthread.h>

void* test_func(void* data)
{
  return data;
}

int main(void)
{
  pthread_t thread;
  pthread_create(&thread, NULL, test_func, NULL);
  pthread_detach(thread);
  pthread_join(thread, NULL);
  pthread_atfork(NULL, NULL, NULL);
  pthread_exit(NULL);

  return 0;
}

Determining if the function pthread_create exists in the pthreads failed with the following output:
Change Dir: /home/chps/Bureau/TD/build/CMakeFiles/CMakeTmp

Run Build Command(s):/usr/bin/make cmTC_6c665/fast && /usr/bin/make -f CMakeFiles/cmTC_6c665.dir/build.make CMakeFiles/cmTC_6c665.dir/build
make[1] : on entre dans le répertoire « /home/chps/Bureau/TD/build/CMakeFiles/CMakeTmp »
Building C object CMakeFiles/cmTC_6c665.dir/CheckFunctionExists.c.o
/usr/bin/cc   -DCHECK_FUNCTION_EXISTS=pthread_create   -o CMakeFiles/cmTC_6c665.dir/CheckFunctionExists.c.o   -c /usr/share/cmake-3.16/Modules/CheckFunctionExists.c
Linking C executable cmTC_6c665
/usr/bin/cmake -E cmake_link_script CMakeFiles/cmTC_6c665.dir/link.txt --verbose=1
/usr/bin/cc  -DCHECK_FUNCTION_EXISTS=pthread_create    CMakeFiles/cmTC_6c665.dir/CheckFunctionExists.c.o  -o cmTC_6c665  -lpthreads 
/usr/bin/ld : ne peut trouver -lpthreads
collect2: error: ld returned 1 exit status
make[1]: *** [CMakeFiles/cmTC_6c665.dir/build.make:87 : cmTC_6c665] Erreur 1
make[1] : on quitte le répertoire « /home/chps/Bureau/TD/build/CMakeFiles/CMakeTmp »
make: *** [Makefile:121 : cmTC_6c665/fast] Erreur 2



Performing C SOURCE FILE Test CMAKE_HAVE_LIBC_PTHREAD failed with the following output:
Change Dir: /home/chps/Bureau/TD/build/CMakeFiles/CMakeTmp

Run Build Command(s):/usr/bin/make cmTC_b5601/fast && /usr/bin/make -f CMakeFiles/cmTC_b5601.dir/build.make CMakeFiles/cmTC_b5601.dir/build
make[1] : on entre dans le répertoire « /home/chps/Bureau/TD/build/CMakeFiles/CMakeTmp »
Building C object CMakeFiles/cmTC_b5601.dir/src.c.o
/usr/bin/cc   -DCMAKE_HAVE_LIBC_PTHREAD   -o CMakeFiles/cmTC_b5601.dir/src.c.o   -c /home/chps/Bureau/TD/build/CMakeFiles/CMakeTmp/src.c
Linking C executable cmTC_b5601
/usr/bin/cmake -E cmake_link_script CMakeFiles/cmTC_b5601.dir/link.txt --verbose=1
/usr/bin/cc  -DCMAKE_HAVE_LIBC_PTHREAD    CMakeFiles/cmTC_b5601.dir/src.c.o  -o cmTC_b5601 
/usr/bin/ld : CMakeFiles/cmTC_b5601.dir/src.c.o : dans la fonction « main » :
src.c:(.text+0x46) : référence indéfinie vers « pthread_create »
/usr/bin/ld : src.c:(.text+0x52) : référence indéfinie vers « pthread_detach »
/usr/bin/ld : src.c:(.text+0x63) : référence indéfinie vers « pthread_join »
collect2: error: ld returned 1 exit status
make[1]: *** [CMakeFiles/cmTC_b5601.dir/build.make:87 : cmTC_b5601] Erreur 1
make[1] : on quitte le répertoire « /home/chps/Bureau/TD/build/CMakeFiles/CMakeTmp »
make: *** [Makefile:121 : cmTC_b5601/fast] Erreur 2


Source file was:
#include <pthread.h>

void* test_func(void* data)
{
  return data;
}

int main(void)
{
  pthread_t thread;
  pthread_create(&thread, NULL, test_func, NULL);
  pthread_detach(thread);
  pthread_join(thread, NULL);
  pthread_atfork(NULL, NULL, NULL);
  pthread_exit(NULL);

  return 0;
}

Determining if the function pthread_create exists in the pthreads failed with the following output:
Change Dir: /home/chps/Bureau/TD/build/CMakeFiles/CMakeTmp

Run Build Command(s):/usr/bin/make cmTC_f6dbf/fast && /usr/bin/make -f CMakeFiles/cmTC_f6dbf.dir/build.make CMakeFiles/cmTC_f6dbf.dir/build
make[1] : on entre dans le répertoire « /home/chps/Bureau/TD/build/CMakeFiles/CMakeTmp »
Building C object CMakeFiles/cmTC_f6dbf.dir/CheckFunctionExists.c.o
/usr/bin/cc   -DCHECK_FUNCTION_EXISTS=pthread_create   -o CMakeFiles/cmTC_f6dbf.dir/CheckFunctionExists.c.o   -c /usr/share/cmake-3.16/Modules/CheckFunctionExists.c
Linking C executable cmTC_f6dbf
/usr/bin/cmake -E cmake_link_script CMakeFiles/cmTC_f6dbf.dir/link.txt --verbose=1
/usr/bin/cc  -DCHECK_FUNCTION_EXISTS=pthread_create    CMakeFiles/cmTC_f6dbf.dir/CheckFunctionExists.c.o  -o cmTC_f6dbf  -lpthreads 
/usr/bin/ld : ne peut trouver -lpthreads
collect2: error: ld returned 1 exit status
make[1]: *** [CMakeFiles/cmTC_f6dbf.dir/build.make:87 : cmTC_f6dbf] Erreur 1
make[1] : on quitte le répertoire « /home/chps/Bureau/TD/build/CMakeFiles/CMakeTmp »
make: *** [Makefile:121 : cmTC_f6dbf/fast] Erreur 2



Performing C SOURCE FILE Test CMAKE_HAVE_LIBC_PTHREAD failed with the following output:
Change Dir: /home/chps/Bureau/TD/build/CMakeFiles/CMakeTmp

Run Build Command(s):/usr/bin/make cmTC_c0d9c/fast && /usr/bin/make -f CMakeFiles/cmTC_c0d9c.dir/build.make CMakeFiles/cmTC_c0d9c.dir/build
make[1] : on entre dans le répertoire « /home/chps/Bureau/TD/build/CMakeFiles/CMakeTmp »
Building C object CMakeFiles/cmTC_c0d9c.dir/src.c.o
/usr/bin/cc   -DCMAKE_HAVE_LIBC_PTHREAD   -o CMakeFiles/cmTC_c0d9c.dir/src.c.o   -c /home/chps/Bureau/TD/build/CMakeFiles/CMakeTmp/src.c
Linking C executable cmTC_c0d9c
/usr/bin/cmake -E cmake_link_script CMakeFiles/cmTC_c0d9c.dir/link.txt --verbose=1
/usr/bin/cc  -DCMAKE_HAVE_LIBC_PTHREAD    CMakeFiles/cmTC_c0d9c.dir/src.c.o  -o cmTC_c0d9c 
/usr/bin/ld : CMakeFiles/cmTC_c0d9c.dir/src.c.o : dans la fonction « main » :
src.c:(.text+0x46) : référence indéfinie vers « pthread_create »
/usr/bin/ld : src.c:(.text+0x52) : référence indéfinie vers « pthread_detach »
/usr/bin/ld : src.c:(.text+0x63) : référence indéfinie vers « pthread_join »
collect2: error: ld returned 1 exit status
make[1]: *** [CMakeFiles/cmTC_c0d9c.dir/build.make:87 : cmTC_c0d9c] Erreur 1
make[1] : on quitte le répertoire « /home/chps/Bureau/TD/build/CMakeFiles/CMakeTmp »
make: *** [Makefile:121 : cmTC_c0d9c/fast] Erreur 2


Source file was:
#include <pthread.h>

void* test_func(void* data)
{
  return data;
}

int main(void)
{
  pthread_t thread;
  pthread_create(&thread, NULL, test_func, NULL);
  pthread_detach(thread);
  pthread_join(thread, NULL);
  pthread_atfork(NULL, NULL, NULL);
  pthread_exit(NULL);

  return 0;
}

Determining if the function pthread_create exists in the pthreads failed with the following output:
Change Dir: /home/chps/Bureau/TD/build/CMakeFiles/CMakeTmp

Run Build Command(s):/usr/bin/make cmTC_16c58/fast && /usr/bin/make -f CMakeFiles/cmTC_16c58.dir/build.make CMakeFiles/cmTC_16c58.dir/build
make[1] : on entre dans le répertoire « /home/chps/Bureau/TD/build/CMakeFiles/CMakeTmp »
Building C object CMakeFiles/cmTC_16c58.dir/CheckFunctionExists.c.o
/usr/bin/cc   -DCHECK_FUNCTION_EXISTS=pthread_create   -o CMakeFiles/cmTC_16c58.dir/CheckFunctionExists.c.o   -c /usr/share/cmake-3.16/Modules/CheckFunctionExists.c
Linking C executable cmTC_16c58
/usr/bin/cmake -E cmake_link_script CMakeFiles/cmTC_16c58.dir/link.txt --verbose=1
/usr/bin/cc  -DCHECK_FUNCTION_EXISTS=pthread_create    CMakeFiles/cmTC_16c58.dir/CheckFunctionExists.c.o  -o cmTC_16c58  -lpthreads 
/usr/bin/ld : ne peut trouver -lpthreads
collect2: error: ld returned 1 exit status
make[1]: *** [CMakeFiles/cmTC_16c58.dir/build.make:87 : cmTC_16c58] Erreur 1
make[1] : on quitte le répertoire « /home/chps/Bureau/TD/build/CMakeFiles/CMakeTmp »
make: *** [Makefile:121 : cmTC_16c58/fast] Erreur 2



Performing C SOURCE FILE Test CMAKE_HAVE_LIBC_PTHREAD failed with the following output:
Change Dir: /home/chps/Bureau/TD/build/CMakeFiles/CMakeTmp

Run Build Command(s):/usr/bin/make cmTC_ad72e/fast && /usr/bin/make -f CMakeFiles/cmTC_ad72e.dir/build.make CMakeFiles/cmTC_ad72e.dir/build
make[1] : on entre dans le répertoire « /home/chps/Bureau/TD/build/CMakeFiles/CMakeTmp »
Building C object CMakeFiles/cmTC_ad72e.dir/src.c.o
/usr/bin/cc   -DCMAKE_HAVE_LIBC_PTHREAD   -o CMakeFiles/cmTC_ad72e.dir/src.c.o   -c /home/chps/Bureau/TD/build/CMakeFiles/CMakeTmp/src.c
Linking C executable cmTC_ad72e
/usr/bin/cmake -E cmake_link_script CMakeFiles/cmTC_ad72e.dir/link.txt --verbose=1
/usr/bin/cc  -DCMAKE_HAVE_LIBC_PTHREAD    CMakeFiles/cmTC_ad72e.dir/src.c.o  -o cmTC_ad72e 
/usr/bin/ld : CMakeFiles/cmTC_ad72e.dir/src.c.o : dans la fonction « main » :
src.c:(.text+0x46) : référence indéfinie vers « pthread_create »
/usr/bin/ld : src.c:(.text+0x52) : référence indéfinie vers « pthread_detach »
/usr/bin/ld : src.c:(.text+0x63) : référence indéfinie vers « pthread_join »
collect2: error: ld returned 1 exit status
make[1]: *** [CMakeFiles/cmTC_ad72e.dir/build.make:87 : cmTC_ad72e] Erreur 1
make[1] : on quitte le répertoire « /home/chps/Bureau/TD/build/CMakeFiles/CMakeTmp »
make: *** [Makefile:121 : cmTC_ad72e/fast] Erreur 2


Source file was:
#include <pthread.h>

void* test_func(void* data)
{
  return data;
}

int main(void)
{
  pthread_t thread;
  pthread_create(&thread, NULL, test_func, NULL);
  pthread_detach(thread);
  pthread_join(thread, NULL);
  pthread_atfork(NULL, NULL, NULL);
  pthread_exit(NULL);

  return 0;
}

Determining if the function pthread_create exists in the pthreads failed with the following output:
Change Dir: /home/chps/Bureau/TD/build/CMakeFiles/CMakeTmp

Run Build Command(s):/usr/bin/make cmTC_81a57/fast && /usr/bin/make -f CMakeFiles/cmTC_81a57.dir/build.make CMakeFiles/cmTC_81a57.dir/build
make[1] : on entre dans le répertoire « /home/chps/Bureau/TD/build/CMakeFiles/CMakeTmp »
Building C object CMakeFiles/cmTC_81a57.dir/CheckFunctionExists.c.o
/usr/bin/cc   -DCHECK_FUNCTION_EXISTS=pthread_create   -o CMakeFiles/cmTC_81a57.dir/CheckFunctionExists.c.o   -c /usr/share/cmake-3.16/Modules/CheckFunctionExists.c
Linking C executable cmTC_81a57
/usr/bin/cmake -E cmake_link_script CMakeFiles/cmTC_81a57.dir/link.txt --verbose=1
/usr/bin/cc  -DCHECK_FUNCTION_EXISTS=pthread_create    CMakeFiles/cmTC_81a57.dir/CheckFunctionExists.c.o  -o cmTC_81a57  -lpthreads 
/usr/bin/ld : ne peut trouver -lpthreads
collect2: error: ld returned 1 exit status
make[1]: *** [CMakeFiles/cmTC_81a57.dir/build.make:87 : cmTC_81a57] Erreur 1
make[1] : on quitte le répertoire « /home/chps/Bureau/TD/build/CMakeFiles/CMakeTmp »
make: *** [Makefile:121 : cmTC_81a57/fast] Erreur 2



Performing C SOURCE FILE Test CMAKE_HAVE_LIBC_PTHREAD failed with the following output:
Change Dir: /home/chps/Bureau/TD/build/CMakeFiles/CMakeTmp

Run Build Command(s):/usr/bin/make cmTC_fd28f/fast && /usr/bin/make -f CMakeFiles/cmTC_fd28f.dir/build.make CMakeFiles/cmTC_fd28f.dir/build
make[1] : on entre dans le répertoire « /home/chps/Bureau/TD/build/CMakeFiles/CMakeTmp »
Building C object CMakeFiles/cmTC_fd28f.dir/src.c.o
/usr/bin/cc   -DCMAKE_HAVE_LIBC_PTHREAD   -o CMakeFiles/cmTC_fd28f.dir/src.c.o   -c /home/chps/Bureau/TD/build/CMakeFiles/CMakeTmp/src.c
Linking C executable cmTC_fd28f
/usr/bin/cmake -E cmake_link_script CMakeFiles/cmTC_fd28f.dir/link.txt --verbose=1
/usr/bin/cc  -DCMAKE_HAVE_LIBC_PTHREAD    CMakeFiles/cmTC_fd28f.dir/src.c.o  -o cmTC_fd28f 
/usr/bin/ld : CMakeFiles/cmTC_fd28f.dir/src.c.o : dans la fonction « main » :
src.c:(.text+0x46) : référence indéfinie vers « pthread_create »
/usr/bin/ld : src.c:(.text+0x52) : référence indéfinie vers « pthread_detach »
/usr/bin/ld : src.c:(.text+0x63) : référence indéfinie vers « pthread_join »
collect2: error: ld returned 1 exit status
make[1]: *** [CMakeFiles/cmTC_fd28f.dir/build.make:87 : cmTC_fd28f] Erreur 1
make[1] : on quitte le répertoire « /home/chps/Bureau/TD/build/CMakeFiles/CMakeTmp »
make: *** [Makefile:121 : cmTC_fd28f/fast] Erreur 2


Source file was:
#include <pthread.h>

void* test_func(void* data)
{
  return data;
}

int main(void)
{
  pthread_t thread;
  pthread_create(&thread, NULL, test_func, NULL);
  pthread_detach(thread);
  pthread_join(thread, NULL);
  pthread_atfork(NULL, NULL, NULL);
  pthread_exit(NULL);

  return 0;
}

Determining if the function pthread_create exists in the pthreads failed with the following output:
Change Dir: /home/chps/Bureau/TD/build/CMakeFiles/CMakeTmp

Run Build Command(s):/usr/bin/make cmTC_61061/fast && /usr/bin/make -f CMakeFiles/cmTC_61061.dir/build.make CMakeFiles/cmTC_61061.dir/build
make[1] : on entre dans le répertoire « /home/chps/Bureau/TD/build/CMakeFiles/CMakeTmp »
Building C object CMakeFiles/cmTC_61061.dir/CheckFunctionExists.c.o
/usr/bin/cc   -DCHECK_FUNCTION_EXISTS=pthread_create   -o CMakeFiles/cmTC_61061.dir/CheckFunctionExists.c.o   -c /usr/share/cmake-3.16/Modules/CheckFunctionExists.c
Linking C executable cmTC_61061
/usr/bin/cmake -E cmake_link_script CMakeFiles/cmTC_61061.dir/link.txt --verbose=1
/usr/bin/cc  -DCHECK_FUNCTION_EXISTS=pthread_create    CMakeFiles/cmTC_61061.dir/CheckFunctionExists.c.o  -o cmTC_61061  -lpthreads 
/usr/bin/ld : ne peut trouver -lpthreads
collect2: error: ld returned 1 exit status
make[1]: *** [CMakeFiles/cmTC_61061.dir/build.make:87 : cmTC_61061] Erreur 1
make[1] : on quitte le répertoire « /home/chps/Bureau/TD/build/CMakeFiles/CMakeTmp »
make: *** [Makefile:121 : cmTC_61061/fast] Erreur 2



Performing C SOURCE FILE Test CMAKE_HAVE_LIBC_PTHREAD failed with the following output:
Change Dir: /home/chps/Bureau/TD/build/CMakeFiles/CMakeTmp

Run Build Command(s):/usr/bin/make cmTC_ce0c3/fast && /usr/bin/make -f CMakeFiles/cmTC_ce0c3.dir/build.make CMakeFiles/cmTC_ce0c3.dir/build
make[1] : on entre dans le répertoire « /home/chps/Bureau/TD/build/CMakeFiles/CMakeTmp »
Building C object CMakeFiles/cmTC_ce0c3.dir/src.c.o
/usr/bin/cc   -DCMAKE_HAVE_LIBC_PTHREAD   -o CMakeFiles/cmTC_ce0c3.dir/src.c.o   -c /home/chps/Bureau/TD/build/CMakeFiles/CMakeTmp/src.c
Linking C executable cmTC_ce0c3
/usr/bin/cmake -E cmake_link_script CMakeFiles/cmTC_ce0c3.dir/link.txt --verbose=1
/usr/bin/cc  -DCMAKE_HAVE_LIBC_PTHREAD    CMakeFiles/cmTC_ce0c3.dir/src.c.o  -o cmTC_ce0c3 
/usr/bin/ld : CMakeFiles/cmTC_ce0c3.dir/src.c.o : dans la fonction « main » :
src.c:(.text+0x46) : référence indéfinie vers « pthread_create »
/usr/bin/ld : src.c:(.text+0x52) : référence indéfinie vers « pthread_detach »
/usr/bin/ld : src.c:(.text+0x63) : référence indéfinie vers « pthread_join »
collect2: error: ld returned 1 exit status
make[1]: *** [CMakeFiles/cmTC_ce0c3.dir/build.make:87 : cmTC_ce0c3] Erreur 1
make[1] : on quitte le répertoire « /home/chps/Bureau/TD/build/CMakeFiles/CMakeTmp »
make: *** [Makefile:121 : cmTC_ce0c3/fast] Erreur 2


Source file was:
#include <pthread.h>

void* test_func(void* data)
{
  return data;
}

int main(void)
{
  pthread_t thread;
  pthread_create(&thread, NULL, test_func, NULL);
  pthread_detach(thread);
  pthread_join(thread, NULL);
  pthread_atfork(NULL, NULL, NULL);
  pthread_exit(NULL);

  return 0;
}

Determining if the function pthread_create exists in the pthreads failed with the following output:
Change Dir: /home/chps/Bureau/TD/build/CMakeFiles/CMakeTmp

Run Build Command(s):/usr/bin/make cmTC_68d96/fast && /usr/bin/make -f CMakeFiles/cmTC_68d96.dir/build.make CMakeFiles/cmTC_68d96.dir/build
make[1] : on entre dans le répertoire « /home/chps/Bureau/TD/build/CMakeFiles/CMakeTmp »
Building C object CMakeFiles/cmTC_68d96.dir/CheckFunctionExists.c.o
/usr/bin/cc   -DCHECK_FUNCTION_EXISTS=pthread_create   -o CMakeFiles/cmTC_68d96.dir/CheckFunctionExists.c.o   -c /usr/share/cmake-3.16/Modules/CheckFunctionExists.c
Linking C executable cmTC_68d96
/usr/bin/cmake -E cmake_link_script CMakeFiles/cmTC_68d96.dir/link.txt --verbose=1
/usr/bin/cc  -DCHECK_FUNCTION_EXISTS=pthread_create    CMakeFiles/cmTC_68d96.dir/CheckFunctionExists.c.o  -o cmTC_68d96  -lpthreads 
/usr/bin/ld : ne peut trouver -lpthreads
collect2: error: ld returned 1 exit status
make[1]: *** [CMakeFiles/cmTC_68d96.dir/build.make:87 : cmTC_68d96] Erreur 1
make[1] : on quitte le répertoire « /home/chps/Bureau/TD/build/CMakeFiles/CMakeTmp »
make: *** [Makefile:121 : cmTC_68d96/fast] Erreur 2



Performing C SOURCE FILE Test CMAKE_HAVE_LIBC_PTHREAD failed with the following output:
Change Dir: /home/chps/Bureau/TD/build/CMakeFiles/CMakeTmp

Run Build Command(s):/usr/bin/make cmTC_53ed4/fast && /usr/bin/make -f CMakeFiles/cmTC_53ed4.dir/build.make CMakeFiles/cmTC_53ed4.dir/build
make[1] : on entre dans le répertoire « /home/chps/Bureau/TD/build/CMakeFiles/CMakeTmp »
Building C object CMakeFiles/cmTC_53ed4.dir/src.c.o
/usr/bin/cc   -DCMAKE_HAVE_LIBC_PTHREAD   -o CMakeFiles/cmTC_53ed4.dir/src.c.o   -c /home/chps/Bureau/TD/build/CMakeFiles/CMakeTmp/src.c
Linking C executable cmTC_53ed4
/usr/bin/cmake -E cmake_link_script CMakeFiles/cmTC_53ed4.dir/link.txt --verbose=1
/usr/bin/cc  -DCMAKE_HAVE_LIBC_PTHREAD    CMakeFiles/cmTC_53ed4.dir/src.c.o  -o cmTC_53ed4 
/usr/bin/ld : CMakeFiles/cmTC_53ed4.dir/src.c.o : dans la fonction « main » :
src.c:(.text+0x46) : référence indéfinie vers « pthread_create »
/usr/bin/ld : src.c:(.text+0x52) : référence indéfinie vers « pthread_detach »
/usr/bin/ld : src.c:(.text+0x63) : référence indéfinie vers « pthread_join »
collect2: error: ld returned 1 exit status
make[1]: *** [CMakeFiles/cmTC_53ed4.dir/build.make:87 : cmTC_53ed4] Erreur 1
make[1] : on quitte le répertoire « /home/chps/Bureau/TD/build/CMakeFiles/CMakeTmp »
make: *** [Makefile:121 : cmTC_53ed4/fast] Erreur 2


Source file was:
#include <pthread.h>

void* test_func(void* data)
{
  return data;
}

int main(void)
{
  pthread_t thread;
  pthread_create(&thread, NULL, test_func, NULL);
  pthread_detach(thread);
  pthread_join(thread, NULL);
  pthread_atfork(NULL, NULL, NULL);
  pthread_exit(NULL);

  return 0;
}

Determining if the function pthread_create exists in the pthreads failed with the following output:
Change Dir: /home/chps/Bureau/TD/build/CMakeFiles/CMakeTmp

Run Build Command(s):/usr/bin/make cmTC_7379f/fast && /usr/bin/make -f CMakeFiles/cmTC_7379f.dir/build.make CMakeFiles/cmTC_7379f.dir/build
make[1] : on entre dans le répertoire « /home/chps/Bureau/TD/build/CMakeFiles/CMakeTmp »
Building C object CMakeFiles/cmTC_7379f.dir/CheckFunctionExists.c.o
/usr/bin/cc   -DCHECK_FUNCTION_EXISTS=pthread_create   -o CMakeFiles/cmTC_7379f.dir/CheckFunctionExists.c.o   -c /usr/share/cmake-3.16/Modules/CheckFunctionExists.c
Linking C executable cmTC_7379f
/usr/bin/cmake -E cmake_link_script CMakeFiles/cmTC_7379f.dir/link.txt --verbose=1
/usr/bin/cc  -DCHECK_FUNCTION_EXISTS=pthread_create    CMakeFiles/cmTC_7379f.dir/CheckFunctionExists.c.o  -o cmTC_7379f  -lpthreads 
/usr/bin/ld : ne peut trouver -lpthreads
collect2: error: ld returned 1 exit status
make[1]: *** [CMakeFiles/cmTC_7379f.dir/build.make:87 : cmTC_7379f] Erreur 1
make[1] : on quitte le répertoire « /home/chps/Bureau/TD/build/CMakeFiles/CMakeTmp »
make: *** [Makefile:121 : cmTC_7379f/fast] Erreur 2



Performing C SOURCE FILE Test CMAKE_HAVE_LIBC_PTHREAD failed with the following output:
Change Dir: /home/chps/Bureau/TD/build/CMakeFiles/CMakeTmp

Run Build Command(s):/usr/bin/make cmTC_2868d/fast && /usr/bin/make -f CMakeFiles/cmTC_2868d.dir/build.make CMakeFiles/cmTC_2868d.dir/build
make[1] : on entre dans le répertoire « /home/chps/Bureau/TD/build/CMakeFiles/CMakeTmp »
Building C object CMakeFiles/cmTC_2868d.dir/src.c.o
/usr/bin/cc   -DCMAKE_HAVE_LIBC_PTHREAD   -o CMakeFiles/cmTC_2868d.dir/src.c.o   -c /home/chps/Bureau/TD/build/CMakeFiles/CMakeTmp/src.c
Linking C executable cmTC_2868d
/usr/bin/cmake -E cmake_link_script CMakeFiles/cmTC_2868d.dir/link.txt --verbose=1
/usr/bin/cc  -DCMAKE_HAVE_LIBC_PTHREAD    CMakeFiles/cmTC_2868d.dir/src.c.o  -o cmTC_2868d 
/usr/bin/ld : CMakeFiles/cmTC_2868d.dir/src.c.o : dans la fonction « main » :
src.c:(.text+0x46) : référence indéfinie vers « pthread_create »
/usr/bin/ld : src.c:(.text+0x52) : référence indéfinie vers « pthread_detach »
/usr/bin/ld : src.c:(.text+0x63) : référence indéfinie vers « pthread_join »
collect2: error: ld returned 1 exit status
make[1]: *** [CMakeFiles/cmTC_2868d.dir/build.make:87 : cmTC_2868d] Erreur 1
make[1] : on quitte le répertoire « /home/chps/Bureau/TD/build/CMakeFiles/CMakeTmp »
make: *** [Makefile:121 : cmTC_2868d/fast] Erreur 2


Source file was:
#include <pthread.h>

void* test_func(void* data)
{
  return data;
}

int main(void)
{
  pthread_t thread;
  pthread_create(&thread, NULL, test_func, NULL);
  pthread_detach(thread);
  pthread_join(thread, NULL);
  pthread_atfork(NULL, NULL, NULL);
  pthread_exit(NULL);

  return 0;
}

Determining if the function pthread_create exists in the pthreads failed with the following output:
Change Dir: /home/chps/Bureau/TD/build/CMakeFiles/CMakeTmp

Run Build Command(s):/usr/bin/make cmTC_38be4/fast && /usr/bin/make -f CMakeFiles/cmTC_38be4.dir/build.make CMakeFiles/cmTC_38be4.dir/build
make[1] : on entre dans le répertoire « /home/chps/Bureau/TD/build/CMakeFiles/CMakeTmp »
Building C object CMakeFiles/cmTC_38be4.dir/CheckFunctionExists.c.o
/usr/bin/cc   -DCHECK_FUNCTION_EXISTS=pthread_create   -o CMakeFiles/cmTC_38be4.dir/CheckFunctionExists.c.o   -c /usr/share/cmake-3.16/Modules/CheckFunctionExists.c
Linking C executable cmTC_38be4
/usr/bin/cmake -E cmake_link_script CMakeFiles/cmTC_38be4.dir/link.txt --verbose=1
/usr/bin/cc  -DCHECK_FUNCTION_EXISTS=pthread_create    CMakeFiles/cmTC_38be4.dir/CheckFunctionExists.c.o  -o cmTC_38be4  -lpthreads 
/usr/bin/ld : ne peut trouver -lpthreads
collect2: error: ld returned 1 exit status
make[1]: *** [CMakeFiles/cmTC_38be4.dir/build.make:87 : cmTC_38be4] Erreur 1
make[1] : on quitte le répertoire « /home/chps/Bureau/TD/build/CMakeFiles/CMakeTmp »
make: *** [Makefile:121 : cmTC_38be4/fast] Erreur 2



